Using pre-set license
Built from '2021.3/staging' branch; Version is '2021.3.19f1 (c9714fde33b6) revision 13201743'; Using compiler version '192829333'; Build Type 'Release'
OS: 'Windows 10  (10.0.19044) 64bit Core' Language: 'en' Physical Memory: 8158 MB
BatchMode: 1, IsHumanControllingUs: 0, StartBugReporterOnCrash: 0, Is64bit: 1, IsPro: 1

COMMAND LINE ARGUMENTS:
D:\2021.3.19f1\Editor\Unity.exe
-adb2
-batchMode
-noUpm
-name
AssetImportWorker154
-projectPath
D:/mem/Game-Project/game src
-logFile
Logs/AssetImportWorker154.log
-srvPort
56120
Successfully changed project path to: D:/mem/Game-Project/game src
D:/mem/Game-Project/game src
[UnityMemory] Configuration Parameters - Can be set up in boot.config
    "memorysetup-bucket-allocator-granularity=16"
    "memorysetup-bucket-allocator-bucket-count=8"
    "memorysetup-bucket-allocator-block-size=33554432"
    "memorysetup-bucket-allocator-block-count=8"
    "memorysetup-main-allocator-block-size=16777216"
    "memorysetup-thread-allocator-block-size=16777216"
    "memorysetup-gfx-main-allocator-block-size=16777216"
    "memorysetup-gfx-thread-allocator-block-size=16777216"
    "memorysetup-cache-allocator-block-size=4194304"
    "memorysetup-typetree-allocator-block-size=2097152"
    "memorysetup-profiler-bucket-allocator-granularity=16"
    "memorysetup-profiler-bucket-allocator-bucket-count=8"
    "memorysetup-profiler-bucket-allocator-block-size=33554432"
    "memorysetup-profiler-bucket-allocator-block-count=8"
    "memorysetup-profiler-allocator-block-size=16777216"
    "memorysetup-profiler-editor-allocator-block-size=1048576"
    "memorysetup-temp-allocator-size-main=16777216"
    "memorysetup-job-temp-allocator-block-size=2097152"
    "memorysetup-job-temp-allocator-block-size-background=1048576"
    "memorysetup-job-temp-allocator-reduction-small-platforms=262144"
    "memorysetup-temp-allocator-size-background-worker=32768"
    "memorysetup-temp-allocator-size-job-worker=262144"
    "memorysetup-temp-allocator-size-preload-manager=33554432"
    "memorysetup-temp-allocator-size-nav-mesh-worker=65536"
    "memorysetup-temp-allocator-size-audio-worker=65536"
    "memorysetup-temp-allocator-size-cloud-worker=32768"
    "memorysetup-temp-allocator-size-gi-baking-worker=262144"
    "memorysetup-temp-allocator-size-gfx=262144"
Player connection [6256] Host "[IP] 192.168.1.24 [Port] 0 [Flags] 2 [Guid] 503832498 [EditorId] 503832498 [Version] 1048832 [Id] WindowsEditor(7,DESKTOP-MDB38EJ) [Debug] 1 [PackageName] WindowsEditor [ProjectName] Editor" joined multi-casting on [225.0.0.222:54997]...

Player connection [6256] Host "[IP] 192.168.1.24 [Port] 0 [Flags] 2 [Guid] 503832498 [EditorId] 503832498 [Version] 1048832 [Id] WindowsEditor(7,DESKTOP-MDB38EJ) [Debug] 1 [PackageName] WindowsEditor [ProjectName] Editor" joined alternative multi-casting on [225.0.0.222:34997]...

mdb reader table full -> cleaning up stale readers. Current readers:
    pid     thread     txnid
     17588 256c -
     17588 4f94 -
     10500 1d54 -
     11808 3934 -
      6340 148c 415
     22880 1274 -
     13420 36fc -
     20356 23bc -
      2876 3fd8 -
     18052 568c -
      8316 3dd4 -
     12172 4238 416
     15384 988 -
     10524 238c -
     16488 3bdc -
     17376 3d1c -
     13244 31fc -
     16268 593c -
     10844 4c4c -
     13212 2830 -
     17136 5c0 -
     19468 1fe0 -
      9492 1e1c -
     11616 5aac -
     17340 c38 -
      8116 a2c -
      9384 184 -
     18692 10e4 -
     16992 50b8 -
      9560 1b40 450
     21168 1e5c -
     22672 4018 -
     14244 3c98 -
      1412 36d4 -
     16972 1f4c -
     21840 17c0 -
      1964 4f34 -
      8108 3938 -
     17548 b34 -
      4492 1578 -
      7456 2db4 -
      7420 2ba8 -
     12268 498 -
      9120 52a0 -
     13576 28d4 -
     16720 58a4 -
      7052 2b0 -
     17620 13a8 -
      8064 3860 -
     22420 3710 -
      1432 22d4 -
     15368 30f4 -
     15948 36d8 -
     10600 550c -
     20472 3510 -
     10936 56b8 -
      5804 38cc -
      8940 2b28 -
     12048 54c4 -
     18516 26fc -
      7828 4190 -
     19448 2364 -
     21844 13a4 -
     15920 4774 -
      5872 5b34 -
      9552 4bb0 -
     17304 2c4c -
     20324 4b50 -
     14776 18a8 -
     12756 3848 -
      6968 37ac -
     23244 5b0 -
     17412 3f54 -
      5860 109c -
     14004 4b28 -
      3240 471c -
      8420 26f0 -
      4604 1eb8 -
     16800 2284 -
     18464 1830 -
     13988 44 -
     19968 2270 -
     22336 3468 -
     12264 56d8 503
      1428 5018 -
     12916 34b4 -
     20596 87c -
     14812 52e4 -
     22532 55d8 -
      5536 1288 -
     16076 5524 -
     19032 3144 -
     11480 42c8 -
       704 3418 -
     22352 1c14 -
     15788 1044 -
     22896 3ca4 -
     11928 3a2c -
      4736 1bfc -
     10612 64c -
     14044 51ec -
     17704 3bf4 -
     20620 44f0 -
     12100 2408 -
     17796 3ae4 -
      1592 3f00 -
     11584 35d4 -
      7040 4b58 -
     19364 ef0 -
      7300 2290 -
     12932 2d9c -
     16608 3db0 -
     16804 12f0 -
     15320 3ba0 -
      5572 3bb4 -
     13636 4be8 -
     19600 2efc -
     22248 34b0 -
     19548 814 -
      5688 3598 -
     20956 2dd0 -
     11600 900 -
     16512 444 -
     16188 39f8 -
     14688 5a5c -
     14416 3c58 546
Cleaned out 115 stale readers
Refreshing native plugins compatible for Editor in 663.21 ms, found 4 plugins.
Preloading 0 native plugins for Editor in 0.00 ms.
Initialize engine version: 2021.3.19f1 (c9714fde33b6)
[Subsystems] Discovering subsystems at path D:/2021.3.19f1/Editor/Data/Resources/UnitySubsystems
[Subsystems] Discovering subsystems at path D:/mem/Game-Project/game src/Assets
GfxDevice: creating device client; threaded=0; jobified=0
Direct3D:
    Version:  Direct3D 11.0 [level 11.1]
    Renderer: NVIDIA GeForce GTX 1050 Ti (ID=0x1c82)
    Vendor:   NVIDIA
    VRAM:     4019 MB
    Driver:   31.0.15.1694
Initialize mono
Mono path[0] = 'D:/2021.3.19f1/Editor/Data/Managed'
Mono path[1] = 'D:/2021.3.19f1/Editor/Data/MonoBleedingEdge/lib/mono/unityjit-win32'
Mono config path = 'D:/2021.3.19f1/Editor/Data/MonoBleedingEdge/etc'
Using monoOptions --debugger-agent=transport=dt_socket,embedding=1,server=y,suspend=n,address=127.0.0.1:56524
Begin MonoManager ReloadAssembly
Registering precompiled unity dll's ...
Register platform support module: D:/2021.3.19f1/Editor/Data/PlaybackEngines/WindowsStandaloneSupport/UnityEditor.WindowsStandalone.Extensions.dll
Registered in 0.063460 seconds.
Native extension for WindowsStandalone target not found
Refreshing native plugins compatible for Editor in 579.54 ms, found 4 plugins.
Preloading 0 native plugins for Editor in 0.00 ms.
Mono: successfully reloaded assembly
- Completed reload, in  5.430 seconds
Domain Reload Profiling:
	ReloadAssembly (5431ms)
		BeginReloadAssembly (536ms)
			ExecutionOrderSort (0ms)
			DisableScriptedObjects (0ms)
			BackupInstance (0ms)
			ReleaseScriptingObjects (0ms)
			CreateAndSetChildDomain (2ms)
		EndReloadAssembly (3883ms)
			LoadAssemblies (530ms)
			RebuildTransferFunctionScriptingTraits (0ms)
			SetupTypeCache (583ms)
			ReleaseScriptCaches (0ms)
			RebuildScriptCaches (126ms)
			SetupLoadedEditorAssemblies (2956ms)
				LogAssemblyErrors (0ms)
				InitializePlatformSupportModulesInManaged (289ms)
				SetLoadedEditorAssemblies (4ms)
				RefreshPlugins (580ms)
				BeforeProcessingInitializeOnLoad (3ms)
				ProcessInitializeOnLoadAttributes (1891ms)
				ProcessInitializeOnLoadMethodAttributes (189ms)
				AfterProcessingInitializeOnLoad (0ms)
				EditorAssembliesLoaded (0ms)
			ExecutionOrderSort2 (0ms)
			AwakeInstancesAfterBackupRestoration (0ms)
Platform modules already initialized, skipping
Registering precompiled user dll's ...
Registered in 0.033940 seconds.
