Using pre-set license
Built from '2021.3/staging' branch; Version is '2021.3.19f1 (c9714fde33b6) revision 13201743'; Using compiler version '192829333'; Build Type 'Release'
OS: 'Windows 10  (10.0.19044) 64bit Core' Language: 'en' Physical Memory: 8158 MB
BatchMode: 1, IsHumanControllingUs: 0, StartBugReporterOnCrash: 0, Is64bit: 1, IsPro: 1

COMMAND LINE ARGUMENTS:
D:\2021.3.19f1\Editor\Unity.exe
-adb2
-batchMode
-noUpm
-name
AssetImportWorker23
-projectPath
D:/CRIP4LYFE/Game-Project/game src
-logFile
Logs/AssetImportWorker23.log
-srvPort
62461
Successfully changed project path to: D:/CRIP4LYFE/Game-Project/game src
D:/CRIP4LYFE/Game-Project/game src
[UnityMemory] Configuration Parameters - Can be set up in boot.config
    "memorysetup-bucket-allocator-granularity=16"
    "memorysetup-bucket-allocator-bucket-count=8"
    "memorysetup-bucket-allocator-block-size=33554432"
    "memorysetup-bucket-allocator-block-count=8"
    "memorysetup-main-allocator-block-size=16777216"
    "memorysetup-thread-allocator-block-size=16777216"
    "memorysetup-gfx-main-allocator-block-size=16777216"
    "memorysetup-gfx-thread-allocator-block-size=16777216"
    "memorysetup-cache-allocator-block-size=4194304"
    "memorysetup-typetree-allocator-block-size=2097152"
    "memorysetup-profiler-bucket-allocator-granularity=16"
    "memorysetup-profiler-bucket-allocator-bucket-count=8"
    "memorysetup-profiler-bucket-allocator-block-size=33554432"
    "memorysetup-profiler-bucket-allocator-block-count=8"
    "memorysetup-profiler-allocator-block-size=16777216"
    "memorysetup-profiler-editor-allocator-block-size=1048576"
    "memorysetup-temp-allocator-size-main=16777216"
    "memorysetup-job-temp-allocator-block-size=2097152"
    "memorysetup-job-temp-allocator-block-size-background=1048576"
    "memorysetup-job-temp-allocator-reduction-small-platforms=262144"
    "memorysetup-temp-allocator-size-background-worker=32768"
    "memorysetup-temp-allocator-size-job-worker=262144"
    "memorysetup-temp-allocator-size-preload-manager=33554432"
    "memorysetup-temp-allocator-size-nav-mesh-worker=65536"
    "memorysetup-temp-allocator-size-audio-worker=65536"
    "memorysetup-temp-allocator-size-cloud-worker=32768"
    "memorysetup-temp-allocator-size-gi-baking-worker=262144"
    "memorysetup-temp-allocator-size-gfx=262144"
Player connection [9140] Host "[IP] 192.168.1.24 [Port] 0 [Flags] 2 [Guid] 1523035753 [EditorId] 1523035753 [Version] 1048832 [Id] WindowsEditor(7,DESKTOP-MDB38EJ) [Debug] 1 [PackageName] WindowsEditor [ProjectName] Editor" joined multi-casting on [225.0.0.222:54997]...

Player connection [9140] Host "[IP] 192.168.1.24 [Port] 0 [Flags] 2 [Guid] 1523035753 [EditorId] 1523035753 [Version] 1048832 [Id] WindowsEditor(7,DESKTOP-MDB38EJ) [Debug] 1 [PackageName] WindowsEditor [ProjectName] Editor" joined alternative multi-casting on [225.0.0.222:34997]...

Refreshing native plugins compatible for Editor in 511.82 ms, found 4 plugins.
Preloading 0 native plugins for Editor in 0.00 ms.
Initialize engine version: 2021.3.19f1 (c9714fde33b6)
[Subsystems] Discovering subsystems at path D:/2021.3.19f1/Editor/Data/Resources/UnitySubsystems
[Subsystems] Discovering subsystems at path D:/CRIP4LYFE/Game-Project/game src/Assets
GfxDevice: creating device client; threaded=0; jobified=0
Direct3D:
    Version:  Direct3D 11.0 [level 11.1]
    Renderer: NVIDIA GeForce GTX 1050 Ti (ID=0x1c82)
    Vendor:   NVIDIA
    VRAM:     4019 MB
    Driver:   31.0.15.1694
Initialize mono
Mono path[0] = 'D:/2021.3.19f1/Editor/Data/Managed'
Mono path[1] = 'D:/2021.3.19f1/Editor/Data/MonoBleedingEdge/lib/mono/unityjit-win32'
Mono config path = 'D:/2021.3.19f1/Editor/Data/MonoBleedingEdge/etc'
Using monoOptions --debugger-agent=transport=dt_socket,embedding=1,server=y,suspend=n,address=127.0.0.1:56212
Begin MonoManager ReloadAssembly
Registering precompiled unity dll's ...
Register platform support module: D:/2021.3.19f1/Editor/Data/PlaybackEngines/WindowsStandaloneSupport/UnityEditor.WindowsStandalone.Extensions.dll
Registered in 0.012692 seconds.
Native extension for WindowsStandalone target not found
Refreshing native plugins compatible for Editor in 186.02 ms, found 4 plugins.
Preloading 0 native plugins for Editor in 0.00 ms.
Mono: successfully reloaded assembly
- Completed reload, in  1.740 seconds
Domain Reload Profiling:
	ReloadAssembly (1741ms)
		BeginReloadAssembly (249ms)
			ExecutionOrderSort (0ms)
			DisableScriptedObjects (0ms)
			BackupInstance (0ms)
			ReleaseScriptingObjects (0ms)
			CreateAndSetChildDomain (2ms)
		EndReloadAssembly (1191ms)
			LoadAssemblies (240ms)
			RebuildTransferFunctionScriptingTraits (0ms)
			SetupTypeCache (255ms)
			ReleaseScriptCaches (0ms)
			RebuildScriptCaches (58ms)
			SetupLoadedEditorAssemblies (745ms)
				LogAssemblyErrors (0ms)
				InitializePlatformSupportModulesInManaged (13ms)
				SetLoadedEditorAssemblies (1ms)
				RefreshPlugins (186ms)
				BeforeProcessingInitializeOnLoad (2ms)
				ProcessInitializeOnLoadAttributes (384ms)
				ProcessInitializeOnLoadMethodAttributes (159ms)
				AfterProcessingInitializeOnLoad (0ms)
				EditorAssembliesLoaded (0ms)
			ExecutionOrderSort2 (0ms)
			AwakeInstancesAfterBackupRestoration (0ms)
Platform modules already initialized, skipping
Registering precompiled user dll's ...
Registered in 0.017681 seconds.
Begin MonoManager ReloadAssembly
Symbol file LoadedFromMemory doesn't match image D:\CRIP4LYFE\Game-Project\game src\Library\PackageCache\com.unity.visualscripting@1.8.0\Editor\VisualScripting.Core\Dependencies\YamlDotNet\Unity.VisualScripting.YamlDotNet.dll
Symbol file LoadedFromMemory doesn't match image D:\CRIP4LYFE\Game-Project\game src\Library\PackageCache\com.unity.visualscripting@1.8.0\Editor\VisualScripting.Core\Dependencies\DotNetZip\Unity.VisualScripting.IonicZip.dll
Native extension for WindowsStandalone target not found
Refreshing native plugins compatible for Editor in 199.25 ms, found 4 plugins.
Preloading 0 native plugins for Editor in 0.00 ms.
Mono: successfully reloaded assembly
- Completed reload, in 10.339 seconds
Domain Reload Profiling:
	ReloadAssembly (10341ms)
		BeginReloadAssembly (401ms)
			ExecutionOrderSort (0ms)
			DisableScriptedObjects (12ms)
			BackupInstance (0ms)
			ReleaseScriptingObjects (0ms)
			CreateAndSetChildDomain (54ms)
		EndReloadAssembly (9582ms)
			LoadAssemblies (7591ms)
			RebuildTransferFunctionScriptingTraits (1ms)
			SetupTypeCache (546ms)
			ReleaseScriptCaches (1ms)
			RebuildScriptCaches (137ms)
			SetupLoadedEditorAssemblies (1246ms)
				LogAssemblyErrors (0ms)
				InitializePlatformSupportModulesInManaged (10ms)
				SetLoadedEditorAssemblies (1ms)
				RefreshPlugins (199ms)
				BeforeProcessingInitializeOnLoad (221ms)
				ProcessInitializeOnLoadAttributes (696ms)
				ProcessInitializeOnLoadMethodAttributes (86ms)
				AfterProcessingInitializeOnLoad (32ms)
				EditorAssembliesLoaded (0ms)
			ExecutionOrderSort2 (0ms)
			AwakeInstancesAfterBackupRestoration (14ms)
Platform modules already initialized, skipping
========================================================================
Worker process is ready to serve import requests
Launched and connected shader compiler UnityShaderCompiler.exe after 0.35 seconds
Refreshing native plugins compatible for Editor in 1.16 ms, found 4 plugins.
Preloading 0 native plugins for Editor in 0.00 ms.
Unloading 4138 Unused Serialized files (Serialized files now loaded: 0)
Unloading 38 unused Assets / (56.5 KB). Loaded Objects now: 4598.
Memory consumption went from 159.6 MB to 159.6 MB.
Total: 4.953500 ms (FindLiveObjects: 0.478300 ms CreateObjectMapping: 0.363000 ms MarkObjects: 3.993500 ms  DeleteObjects: 0.117400 ms)

AssetImportParameters requested are different than current active one (requested -> active):
  custom:video-decoder-ogg-theora: a1e56fd34408186e4bbccfd4996cb3dc -> 
  custom:container-muxer-webm: aa71ff27fc2769a1b78a27578f13a17b -> 
  custom:container-demuxer-webm: 4f35f7cbe854078d1ac9338744f61a02 -> 
  custom:video-encoder-webm-vp8: eb34c28f22e8b96e1ab97ce403110664 -> 
  custom:audio-encoder-webm-vorbis: bf7c407c2cedff20999df2af8eb42d56 -> 
  custom:framework-win-MediaFoundation: 216162199b28c13a410421893ffa2e32 -> 
  custom:container-demuxer-ogg: 62fdf1f143b41e24485cea50d1cbac27 -> 
  custom:video-decoder-webm-vp8: 9c59270c3fd7afecdb556c50c9e8de78 -> 
  custom:audio-decoder-ogg-vorbis: bf7c407c2cedff20999df2af8eb42d56 -> 
========================================================================
Received Import Request.
  Time since last request: 2075575.375429 seconds.
  path: Assets/no.physicsMaterial2D
  artifactKey: Guid(fc2c0f6daefb0064ca080bc2cf758b5e) Importer(815301076,1909f56bfc062723c751e8b465ee728b)
Start importing Assets/no.physicsMaterial2D using Guid(fc2c0f6daefb0064ca080bc2cf758b5e) Importer(815301076,1909f56bfc062723c751e8b465ee728b)  -> (artifact id: 'ade7facdec85f3051fe4c4510d38a738') in 0.135120 seconds 
========================================================================
Received Prepare
Registering precompiled user dll's ...
Registered in 0.014077 seconds.
Begin MonoManager ReloadAssembly
Symbol file LoadedFromMemory doesn't match image D:\CRIP4LYFE\Game-Project\game src\Library\PackageCache\com.unity.visualscripting@1.8.0\Editor\VisualScripting.Core\Dependencies\YamlDotNet\Unity.VisualScripting.YamlDotNet.dll
Symbol file LoadedFromMemory doesn't match image D:\CRIP4LYFE\Game-Project\game src\Library\PackageCache\com.unity.visualscripting@1.8.0\Editor\VisualScripting.Core\Dependencies\DotNetZip\Unity.VisualScripting.IonicZip.dll
Native extension for WindowsStandalone target not found
Refreshing native plugins compatible for Editor in 1.02 ms, found 4 plugins.
Preloading 0 native plugins for Editor in 0.00 ms.
Mono: successfully reloaded assembly
- Completed reload, in 20.552 seconds
Domain Reload Profiling:
	ReloadAssembly (20554ms)
		BeginReloadAssembly (8245ms)
			ExecutionOrderSort (0ms)
			DisableScriptedObjects (10ms)
			BackupInstance (0ms)
			ReleaseScriptingObjects (0ms)
			CreateAndSetChildDomain (89ms)
		EndReloadAssembly (12019ms)
			LoadAssemblies (17932ms)
			RebuildTransferFunctionScriptingTraits (0ms)
			SetupTypeCache (650ms)
			ReleaseScriptCaches (4ms)
			RebuildScriptCaches (305ms)
			SetupLoadedEditorAssemblies (901ms)
				LogAssemblyErrors (0ms)
				InitializePlatformSupportModulesInManaged (24ms)
				SetLoadedEditorAssemblies (1ms)
				RefreshPlugins (1ms)
				BeforeProcessingInitializeOnLoad (183ms)
				ProcessInitializeOnLoadAttributes (601ms)
				ProcessInitializeOnLoadMethodAttributes (76ms)
				AfterProcessingInitializeOnLoad (15ms)
				EditorAssembliesLoaded (0ms)
			ExecutionOrderSort2 (0ms)
			AwakeInstancesAfterBackupRestoration (16ms)
Platform modules already initialized, skipping
Refreshing native plugins compatible for Editor in 182.74 ms, found 4 plugins.
Preloading 0 native plugins for Editor in 0.00 ms.
Unloading 4114 Unused Serialized files (Serialized files now loaded: 0)
Unloading 23 unused Assets / (25.6 KB). Loaded Objects now: 4602.
Memory consumption went from 157.2 MB to 157.1 MB.
Total: 5.560200 ms (FindLiveObjects: 0.558000 ms CreateObjectMapping: 0.398000 ms MarkObjects: 4.561300 ms  DeleteObjects: 0.041700 ms)

AssetImportParameters requested are different than current active one (requested -> active):
  custom:video-decoder-ogg-theora: a1e56fd34408186e4bbccfd4996cb3dc -> 
  custom:container-muxer-webm: aa71ff27fc2769a1b78a27578f13a17b -> 
  custom:container-demuxer-webm: 4f35f7cbe854078d1ac9338744f61a02 -> 
  custom:video-encoder-webm-vp8: eb34c28f22e8b96e1ab97ce403110664 -> 
  custom:audio-encoder-webm-vorbis: bf7c407c2cedff20999df2af8eb42d56 -> 
  custom:framework-win-MediaFoundation: 216162199b28c13a410421893ffa2e32 -> 
  custom:container-demuxer-ogg: 62fdf1f143b41e24485cea50d1cbac27 -> 
  custom:video-decoder-webm-vp8: 9c59270c3fd7afecdb556c50c9e8de78 -> 
  custom:audio-decoder-ogg-vorbis: bf7c407c2cedff20999df2af8eb42d56 -> 
========================================================================
Received Import Request.
  Time since last request: 673.819636 seconds.
  path: Assets/TextMesh Pro/Fonts/LiberationSans.ttf
  artifactKey: Guid(e3265ab4bf004d28a9537516768c1c75) Importer(815301076,1909f56bfc062723c751e8b465ee728b)
Start importing Assets/TextMesh Pro/Fonts/LiberationSans.ttf using Guid(e3265ab4bf004d28a9537516768c1c75) Importer(815301076,1909f56bfc062723c751e8b465ee728b)  -> (artifact id: '86e85d55384b22641579099d0f1ce7e8') in 0.245954 seconds 
========================================================================
Received Import Request.
  Time since last request: 76.629262 seconds.
  path: Assets/Sprites/Ceiling.prefab
  artifactKey: Guid(912857677b1b24347b1c19e4bba7c22c) Importer(815301076,1909f56bfc062723c751e8b465ee728b)
Start importing Assets/Sprites/Ceiling.prefab using Guid(912857677b1b24347b1c19e4bba7c22c) Importer(815301076,1909f56bfc062723c751e8b465ee728b)  -> (artifact id: 'c5ff96d8781fd4d0da0ae070c2822d03') in 0.998682 seconds 
========================================================================
Received Import Request.
  Time since last request: 0.662149 seconds.
  path: Assets/Sprites/Enemy.prefab
  artifactKey: Guid(cd166fcfae42ce743b072b923db69f4e) Importer(815301076,1909f56bfc062723c751e8b465ee728b)
Start importing Assets/Sprites/Enemy.prefab using Guid(cd166fcfae42ce743b072b923db69f4e) Importer(815301076,1909f56bfc062723c751e8b465ee728b)  -> (artifact id: '6ce390c83a932e4c7db18ed4d9ea7215') in 8.590961 seconds 
========================================================================
Received Import Request.
  Time since last request: 2.675939 seconds.
  path: Assets/Sprites/Shield.prefab
  artifactKey: Guid(8490953632662a44fb7b32118ea41f5b) Importer(815301076,1909f56bfc062723c751e8b465ee728b)
Start importing Assets/Sprites/Shield.prefab using Guid(8490953632662a44fb7b32118ea41f5b) Importer(815301076,1909f56bfc062723c751e8b465ee728b)  -> (artifact id: 'ca0be8dc2f0449738a91b86a55ce895f') in 2.149461 seconds 
========================================================================
Received Import Request.
  Time since last request: 0.185402 seconds.
  path: Assets/Sprites/Ground.prefab
  artifactKey: Guid(4820d92c089d19e4a973723a164a9a6e) Importer(815301076,1909f56bfc062723c751e8b465ee728b)
Start importing Assets/Sprites/Ground.prefab using Guid(4820d92c089d19e4a973723a164a9a6e) Importer(815301076,1909f56bfc062723c751e8b465ee728b)  -> (artifact id: '031dd68d36e1786edf228139e84d4aae') in 1.006368 seconds 
========================================================================
Received Import Request.
  Time since last request: 0.900227 seconds.
  path: Assets/Sprites/IceBallBullet.prefab
  artifactKey: Guid(63b98c3b1ad76924aa76a41cd302b782) Importer(815301076,1909f56bfc062723c751e8b465ee728b)
Start importing Assets/Sprites/IceBallBullet.prefab using Guid(63b98c3b1ad76924aa76a41cd302b782) Importer(815301076,1909f56bfc062723c751e8b465ee728b)  -> (artifact id: 'b32778aafd6b67e186f4b05e6deafba6') in 4.222513 seconds 
========================================================================
Received Import Request.
  Time since last request: 0.001571 seconds.
  path: Assets/Sprites/Platform1.prefab
  artifactKey: Guid(ba985a7c586255a4a8811e413f72a050) Importer(815301076,1909f56bfc062723c751e8b465ee728b)
Start importing Assets/Sprites/Platform1.prefab using Guid(ba985a7c586255a4a8811e413f72a050) Importer(815301076,1909f56bfc062723c751e8b465ee728b)  -> (artifact id: '74301ce3b8a121c6b1f6c2921449f0e9') in 0.073036 seconds 
========================================================================
Received Import Request.
  Time since last request: 0.000025 seconds.
  path: Assets/Sprites/LeftWall.prefab
  artifactKey: Guid(10525d5c2dcd8d348aea664f5c27072e) Importer(815301076,1909f56bfc062723c751e8b465ee728b)
Start importing Assets/Sprites/LeftWall.prefab using Guid(10525d5c2dcd8d348aea664f5c27072e) Importer(815301076,1909f56bfc062723c751e8b465ee728b)  -> (artifact id: 'cd78c2a87c59311793e20e8646c90060') in 0.115481 seconds 
========================================================================
Received Import Request.
  Time since last request: 0.000032 seconds.
  path: Assets/Sprites/Square (4) 1.prefab
  artifactKey: Guid(ed58bcc95d8b2a547aa8fa5079db37b1) Importer(815301076,1909f56bfc062723c751e8b465ee728b)
Start importing Assets/Sprites/Square (4) 1.prefab using Guid(ed58bcc95d8b2a547aa8fa5079db37b1) Importer(815301076,1909f56bfc062723c751e8b465ee728b)  -> (artifact id: 'bbce803ca045e7e4168c6f79e3eeb834') in 0.034578 seconds 
========================================================================
Received Import Request.
  Time since last request: 0.003442 seconds.
  path: Assets/Sprites/Spike.prefab
  artifactKey: Guid(fb74ab32a7a1be142ad3440f23c4fb43) Importer(815301076,1909f56bfc062723c751e8b465ee728b)
Start importing Assets/Sprites/Spike.prefab using Guid(fb74ab32a7a1be142ad3440f23c4fb43) Importer(815301076,1909f56bfc062723c751e8b465ee728b)  -> (artifact id: '04db35cd2879b59c4261fd16cde2c4bf') in 0.078855 seconds 
========================================================================
Received Import Request.
  Time since last request: 0.000025 seconds.
  path: Assets/Sprites/Clone.prefab
  artifactKey: Guid(3bb2413a98f6cb149b5915976851fba7) Importer(815301076,1909f56bfc062723c751e8b465ee728b)
Start importing Assets/Sprites/Clone.prefab using Guid(3bb2413a98f6cb149b5915976851fba7) Importer(815301076,1909f56bfc062723c751e8b465ee728b)  -> (artifact id: '94d0a75910b478a7c47bb39deff428d9') in 0.031829 seconds 
========================================================================
Received Import Request.
  Time since last request: 0.000027 seconds.
  path: Assets/Sprites/Platform2.prefab
  artifactKey: Guid(d6cf33ee9cb8e4346af31c766de1756f) Importer(815301076,1909f56bfc062723c751e8b465ee728b)
Start importing Assets/Sprites/Platform2.prefab using Guid(d6cf33ee9cb8e4346af31c766de1756f) Importer(815301076,1909f56bfc062723c751e8b465ee728b)  -> (artifact id: 'd699b43ef06b35b9fc476e7c9a3ff7cf') in 0.035391 seconds 
========================================================================
Received Import Request.
  Time since last request: 0.000025 seconds.
  path: Assets/Sprites/Platform3.prefab
  artifactKey: Guid(07aa886a3718c2849b1fb6abafaffccc) Importer(815301076,1909f56bfc062723c751e8b465ee728b)
Start importing Assets/Sprites/Platform3.prefab using Guid(07aa886a3718c2849b1fb6abafaffccc) Importer(815301076,1909f56bfc062723c751e8b465ee728b)  -> (artifact id: 'b8d574cbf0d63adfe67d5d91f5def15d') in 0.037801 seconds 
========================================================================
Received Prepare
Registering precompiled user dll's ...
Registered in 0.024395 seconds.
Begin MonoManager ReloadAssembly
Symbol file LoadedFromMemory doesn't match image D:\CRIP4LYFE\Game-Project\game src\Library\PackageCache\com.unity.visualscripting@1.8.0\Editor\VisualScripting.Core\Dependencies\YamlDotNet\Unity.VisualScripting.YamlDotNet.dll
Symbol file LoadedFromMemory doesn't match image D:\CRIP4LYFE\Game-Project\game src\Library\PackageCache\com.unity.visualscripting@1.8.0\Editor\VisualScripting.Core\Dependencies\DotNetZip\Unity.VisualScripting.IonicZip.dll
Native extension for WindowsStandalone target not found
Refreshing native plugins compatible for Editor in 1.09 ms, found 4 plugins.
Preloading 0 native plugins for Editor in 0.00 ms.
Mono: successfully reloaded assembly
- Completed reload, in  4.671 seconds
Domain Reload Profiling:
	ReloadAssembly (4672ms)
		BeginReloadAssembly (707ms)
			ExecutionOrderSort (0ms)
			DisableScriptedObjects (67ms)
			BackupInstance (0ms)
			ReleaseScriptingObjects (0ms)
			CreateAndSetChildDomain (208ms)
		EndReloadAssembly (3469ms)
			LoadAssemblies (472ms)
			RebuildTransferFunctionScriptingTraits (0ms)
			SetupTypeCache (1245ms)
			ReleaseScriptCaches (2ms)
			RebuildScriptCaches (200ms)
			SetupLoadedEditorAssemblies (1489ms)
				LogAssemblyErrors (0ms)
				InitializePlatformSupportModulesInManaged (64ms)
				SetLoadedEditorAssemblies (1ms)
				RefreshPlugins (1ms)
				BeforeProcessingInitializeOnLoad (278ms)
				ProcessInitializeOnLoadAttributes (992ms)
				ProcessInitializeOnLoadMethodAttributes (98ms)
				AfterProcessingInitializeOnLoad (55ms)
				EditorAssembliesLoaded (0ms)
			ExecutionOrderSort2 (0ms)
			AwakeInstancesAfterBackupRestoration (17ms)
Platform modules already initialized, skipping
Refreshing native plugins compatible for Editor in 4.66 ms, found 4 plugins.
Preloading 0 native plugins for Editor in 0.00 ms.
Unloading 4114 Unused Serialized files (Serialized files now loaded: 0)
Unloading 23 unused Assets / (24.7 KB). Loaded Objects now: 4649.
Memory consumption went from 162.0 MB to 161.9 MB.
Total: 4.666800 ms (FindLiveObjects: 0.410900 ms CreateObjectMapping: 0.340600 ms MarkObjects: 3.878600 ms  DeleteObjects: 0.035500 ms)

AssetImportParameters requested are different than current active one (requested -> active):
  custom:video-decoder-ogg-theora: a1e56fd34408186e4bbccfd4996cb3dc -> 
  custom:container-muxer-webm: aa71ff27fc2769a1b78a27578f13a17b -> 
  custom:container-demuxer-webm: 4f35f7cbe854078d1ac9338744f61a02 -> 
  custom:video-encoder-webm-vp8: eb34c28f22e8b96e1ab97ce403110664 -> 
  custom:audio-encoder-webm-vorbis: bf7c407c2cedff20999df2af8eb42d56 -> 
  custom:framework-win-MediaFoundation: 216162199b28c13a410421893ffa2e32 -> 
  custom:container-demuxer-ogg: 62fdf1f143b41e24485cea50d1cbac27 -> 
  custom:video-decoder-webm-vp8: 9c59270c3fd7afecdb556c50c9e8de78 -> 
  custom:audio-decoder-ogg-vorbis: bf7c407c2cedff20999df2af8eb42d56 -> 
========================================================================
Received Import Request.
  Time since last request: 118.008708 seconds.
  path: Assets/Scenes/Profile.unity
  artifactKey: Guid(76693f3717beebd4a82fdc7baaea2ac0) Importer(815301076,1909f56bfc062723c751e8b465ee728b)
Start importing Assets/Scenes/Profile.unity using Guid(76693f3717beebd4a82fdc7baaea2ac0) Importer(815301076,1909f56bfc062723c751e8b465ee728b)  -> (artifact id: '15cce0216b8f1f5992776e116a166afc') in 0.040978 seconds 
========================================================================
Received Prepare
Registering precompiled user dll's ...
Registered in 0.052747 seconds.
Begin MonoManager ReloadAssembly
Symbol file LoadedFromMemory doesn't match image D:\CRIP4LYFE\Game-Project\game src\Library\PackageCache\com.unity.visualscripting@1.8.0\Editor\VisualScripting.Core\Dependencies\YamlDotNet\Unity.VisualScripting.YamlDotNet.dll
Symbol file LoadedFromMemory doesn't match image D:\CRIP4LYFE\Game-Project\game src\Library\PackageCache\com.unity.visualscripting@1.8.0\Editor\VisualScripting.Core\Dependencies\DotNetZip\Unity.VisualScripting.IonicZip.dll
Native extension for WindowsStandalone target not found
Refreshing native plugins compatible for Editor in 1.13 ms, found 4 plugins.
Preloading 0 native plugins for Editor in 0.00 ms.
Mono: successfully reloaded assembly
- Completed reload, in  2.362 seconds
Domain Reload Profiling:
	ReloadAssembly (2363ms)
		BeginReloadAssembly (370ms)
			ExecutionOrderSort (0ms)
			DisableScriptedObjects (15ms)
			BackupInstance (0ms)
			ReleaseScriptingObjects (0ms)
			CreateAndSetChildDomain (84ms)
		EndReloadAssembly (1730ms)
			LoadAssemblies (292ms)
			RebuildTransferFunctionScriptingTraits (0ms)
			SetupTypeCache (505ms)
			ReleaseScriptCaches (2ms)
			RebuildScriptCaches (93ms)
			SetupLoadedEditorAssemblies (761ms)
				LogAssemblyErrors (0ms)
				InitializePlatformSupportModulesInManaged (21ms)
				SetLoadedEditorAssemblies (1ms)
				RefreshPlugins (1ms)
				BeforeProcessingInitializeOnLoad (132ms)
				ProcessInitializeOnLoadAttributes (465ms)
				ProcessInitializeOnLoadMethodAttributes (127ms)
				AfterProcessingInitializeOnLoad (13ms)
				EditorAssembliesLoaded (0ms)
			ExecutionOrderSort2 (0ms)
			AwakeInstancesAfterBackupRestoration (29ms)
Platform modules already initialized, skipping
Refreshing native plugins compatible for Editor in 18.90 ms, found 4 plugins.
Preloading 0 native plugins for Editor in 0.00 ms.
Unloading 4114 Unused Serialized files (Serialized files now loaded: 0)
Unloading 23 unused Assets / (24.7 KB). Loaded Objects now: 4652.
Memory consumption went from 162.0 MB to 161.9 MB.
Total: 7.650700 ms (FindLiveObjects: 0.830800 ms CreateObjectMapping: 0.770900 ms MarkObjects: 5.583900 ms  DeleteObjects: 0.463500 ms)

AssetImportParameters requested are different than current active one (requested -> active):
  custom:video-decoder-ogg-theora: a1e56fd34408186e4bbccfd4996cb3dc -> 
  custom:container-muxer-webm: aa71ff27fc2769a1b78a27578f13a17b -> 
  custom:container-demuxer-webm: 4f35f7cbe854078d1ac9338744f61a02 -> 
  custom:video-encoder-webm-vp8: eb34c28f22e8b96e1ab97ce403110664 -> 
  custom:audio-encoder-webm-vorbis: bf7c407c2cedff20999df2af8eb42d56 -> 
  custom:framework-win-MediaFoundation: 216162199b28c13a410421893ffa2e32 -> 
  custom:container-demuxer-ogg: 62fdf1f143b41e24485cea50d1cbac27 -> 
  custom:video-decoder-webm-vp8: 9c59270c3fd7afecdb556c50c9e8de78 -> 
  custom:audio-decoder-ogg-vorbis: bf7c407c2cedff20999df2af8eb42d56 -> 
