Unity Editor version:    2021.3.19f1 (c9714fde33b6)
Branch:                  2021.3/staging
Build type:              Release
Batch mode:              YES
macOS version:           Version 12.4 (Build 21F79)
Darwin version:          21.5.0
Architecture:            x86_64
Running under Rosetta:   NO
Available memory:        32768 MB
Using pre-set license
Pro License: YES

COMMAND LINE ARGUMENTS:
/Applications/Unity/Hub/Editor/2021.3.19f1/Unity.app/Contents/MacOS/Unity
-adb2
-batchMode
-noUpm
-name
AssetImportWorker0
-projectPath
/Users/jack/Documents/GitHub/Game-Project/game src
-logFile
Logs/AssetImportWorker0.log
-srvPort
49671
Successfully changed project path to: /Users/jack/Documents/GitHub/Game-Project/game src
/Users/jack/Documents/GitHub/Game-Project/game src
[UnityMemory] Configuration Parameters - Can be set up in boot.config
    "memorysetup-bucket-allocator-granularity=16"
    "memorysetup-bucket-allocator-bucket-count=8"
    "memorysetup-bucket-allocator-block-size=33554432"
    "memorysetup-bucket-allocator-block-count=8"
    "memorysetup-main-allocator-block-size=16777216"
    "memorysetup-thread-allocator-block-size=16777216"
    "memorysetup-gfx-main-allocator-block-size=16777216"
    "memorysetup-gfx-thread-allocator-block-size=16777216"
    "memorysetup-cache-allocator-block-size=4194304"
    "memorysetup-typetree-allocator-block-size=2097152"
    "memorysetup-profiler-bucket-allocator-granularity=16"
    "memorysetup-profiler-bucket-allocator-bucket-count=8"
    "memorysetup-profiler-bucket-allocator-block-size=33554432"
    "memorysetup-profiler-bucket-allocator-block-count=8"
    "memorysetup-profiler-allocator-block-size=16777216"
    "memorysetup-profiler-editor-allocator-block-size=1048576"
    "memorysetup-temp-allocator-size-main=16777216"
    "memorysetup-job-temp-allocator-block-size=2097152"
    "memorysetup-job-temp-allocator-block-size-background=1048576"
    "memorysetup-job-temp-allocator-reduction-small-platforms=262144"
    "memorysetup-temp-allocator-size-background-worker=32768"
    "memorysetup-temp-allocator-size-job-worker=262144"
    "memorysetup-temp-allocator-size-preload-manager=33554432"
    "memorysetup-temp-allocator-size-nav-mesh-worker=65536"
    "memorysetup-temp-allocator-size-audio-worker=65536"
    "memorysetup-temp-allocator-size-cloud-worker=32768"
    "memorysetup-temp-allocator-size-gi-baking-worker=262144"
    "memorysetup-temp-allocator-size-gfx=262144"
Player connection [4829869568] Host "[IP] 192.168.1.51 [Port] 0 [Flags] 2 [Guid] 3964813591 [EditorId] 3964813591 [Version] 1048832 [Id] OSXEditor(0,Jacks-MacBook-Pro.local) [Debug] 1 [PackageName] OSXEditor [ProjectName] Editor" joined multi-casting on [225.0.0.222:54997]...

Player connection [4829869568] Host "[IP] 192.168.1.51 [Port] 0 [Flags] 2 [Guid] 3964813591 [EditorId] 3964813591 [Version] 1048832 [Id] OSXEditor(0,Jacks-MacBook-Pro.local) [Debug] 1 [PackageName] OSXEditor [ProjectName] Editor" joined alternative multi-casting on [225.0.0.222:34997]...

Refreshing native plugins compatible for Editor in 159.17 ms, found 3 plugins.
Preloading 0 native plugins for Editor in 0.00 ms.
Initialize engine version: 2021.3.19f1 (c9714fde33b6)
[Subsystems] Discovering subsystems at path /Applications/Unity/Hub/Editor/2021.3.19f1/Unity.app/Contents/Resources/UnitySubsystems
[Subsystems] Discovering subsystems at path /Users/jack/Documents/GitHub/Game-Project/game src/Assets
GfxDevice: creating device client; threaded=0; jobified=0
Color LCD preferred device: Intel(R) UHD Graphics 630 (low power)
Metal devices available: 2
0: AMD Radeon Pro 5500M (high power)
1: Intel(R) UHD Graphics 630 (low power)
Using device AMD Radeon Pro 5500M (high power)
Initializing Metal device caps: AMD Radeon Pro 5500M
Initialize mono
Mono path[0] = '/Applications/Unity/Hub/Editor/2021.3.19f1/Unity.app/Contents/Managed'
Mono path[1] = '/Applications/Unity/Hub/Editor/2021.3.19f1/Unity.app/Contents/MonoBleedingEdge/lib/mono/unityjit-macos'
Mono config path = '/Applications/Unity/Hub/Editor/2021.3.19f1/Unity.app/Contents/MonoBleedingEdge/etc'
Using monoOptions --debugger-agent=transport=dt_socket,embedding=1,server=y,suspend=n,address=127.0.0.1:56149
Begin MonoManager ReloadAssembly
Registering precompiled unity dll's ...
Register platform support module: /Applications/Unity/Hub/Editor/2021.3.19f1/Unity.app/Contents/PlaybackEngines/MacStandaloneSupport/UnityEditor.OSXStandalone.Extensions.dll
Registered in 0.000568 seconds.
Native extension for OSXStandalone target not found
Refreshing native plugins compatible for Editor in 148.40 ms, found 3 plugins.
Preloading 0 native plugins for Editor in 0.00 ms.
Mono: successfully reloaded assembly
- Completed reload, in  0.859 seconds
Domain Reload Profiling:
	ReloadAssembly (859ms)
		BeginReloadAssembly (69ms)
			ExecutionOrderSort (0ms)
			DisableScriptedObjects (0ms)
			BackupInstance (0ms)
			ReleaseScriptingObjects (0ms)
			CreateAndSetChildDomain (1ms)
		EndReloadAssembly (650ms)
			LoadAssemblies (68ms)
			RebuildTransferFunctionScriptingTraits (0ms)
			SetupTypeCache (146ms)
			ReleaseScriptCaches (0ms)
			RebuildScriptCaches (42ms)
			SetupLoadedEditorAssemblies (407ms)
				LogAssemblyErrors (0ms)
				InitializePlatformSupportModulesInManaged (6ms)
				SetLoadedEditorAssemblies (0ms)
				RefreshPlugins (148ms)
				BeforeProcessingInitializeOnLoad (1ms)
				ProcessInitializeOnLoadAttributes (199ms)
				ProcessInitializeOnLoadMethodAttributes (52ms)
				AfterProcessingInitializeOnLoad (0ms)
				EditorAssembliesLoaded (0ms)
			ExecutionOrderSort2 (0ms)
			AwakeInstancesAfterBackupRestoration (0ms)
Platform modules already initialized, skipping
Registering precompiled user dll's ...
Registered in 0.003393 seconds.
Begin MonoManager ReloadAssembly
Symbol file LoadedFromMemory doesn't match image /Users/jack/Documents/GitHub/Game-Project/game src/Library/PackageCache/com.unity.visualscripting@1.8.0/Editor/VisualScripting.Core/Dependencies/YamlDotNet/Unity.VisualScripting.YamlDotNet.dll
Symbol file LoadedFromMemory doesn't match image /Users/jack/Documents/GitHub/Game-Project/game src/Library/PackageCache/com.unity.visualscripting@1.8.0/Editor/VisualScripting.Core/Dependencies/DotNetZip/Unity.VisualScripting.IonicZip.dll
Native extension for OSXStandalone target not found
Refreshing native plugins compatible for Editor in 128.16 ms, found 3 plugins.
Preloading 0 native plugins for Editor in 0.00 ms.
Mono: successfully reloaded assembly
- Completed reload, in  1.694 seconds
Domain Reload Profiling:
	ReloadAssembly (1695ms)
		BeginReloadAssembly (110ms)
			ExecutionOrderSort (0ms)
			DisableScriptedObjects (6ms)
			BackupInstance (0ms)
			ReleaseScriptingObjects (0ms)
			CreateAndSetChildDomain (32ms)
		EndReloadAssembly (1447ms)
			LoadAssemblies (80ms)
			RebuildTransferFunctionScriptingTraits (0ms)
			SetupTypeCache (439ms)
			ReleaseScriptCaches (1ms)
			RebuildScriptCaches (99ms)
			SetupLoadedEditorAssemblies (764ms)
				LogAssemblyErrors (0ms)
				InitializePlatformSupportModulesInManaged (3ms)
				SetLoadedEditorAssemblies (0ms)
				RefreshPlugins (128ms)
				BeforeProcessingInitializeOnLoad (145ms)
				ProcessInitializeOnLoadAttributes (374ms)
				ProcessInitializeOnLoadMethodAttributes (112ms)
				AfterProcessingInitializeOnLoad (1ms)
				EditorAssembliesLoaded (0ms)
			ExecutionOrderSort2 (0ms)
			AwakeInstancesAfterBackupRestoration (5ms)
Platform modules already initialized, skipping
========================================================================
Worker process is ready to serve import requests
Launching external process: /Applications/Unity/Hub/Editor/2021.3.19f1/Unity.app/Contents/Tools/UnityShaderCompiler
Launched and connected shader compiler UnityShaderCompiler after 0.07 seconds
Refreshing native plugins compatible for Editor in 1.43 ms, found 3 plugins.
Preloading 0 native plugins for Editor in 0.00 ms.
Unloading 6780 Unused Serialized files (Serialized files now loaded: 0)
Unloading 53 unused Assets / (0.7 MB). Loaded Objects now: 7226.
Memory consumption went from 248.8 MB to 248.2 MB.
Total: 5.373940 ms (FindLiveObjects: 0.537190 ms CreateObjectMapping: 0.516595 ms MarkObjects: 3.920636 ms  DeleteObjects: 0.398565 ms)

AssetImportParameters requested are different than current active one (requested -> active):
  custom:video-decoder-ogg-theora: a1e56fd34408186e4bbccfd4996cb3dc -> 
  custom:container-muxer-webm: aa71ff27fc2769a1b78a27578f13a17b -> 
  custom:container-demuxer-webm: 4f35f7cbe854078d1ac9338744f61a02 -> 
  custom:video-encoder-webm-vp8: eb34c28f22e8b96e1ab97ce403110664 -> 
  custom:framework-osx-AVFoundation: e770b220cccbd017edd2c1fefb359320 -> 
  custom:audio-encoder-webm-vorbis: bf7c407c2cedff20999df2af8eb42d56 -> 
  custom:container-demuxer-ogg: 62fdf1f143b41e24485cea50d1cbac27 -> 
  custom:video-decoder-webm-vp8: 9c59270c3fd7afecdb556c50c9e8de78 -> 
  custom:audio-decoder-ogg-vorbis: bf7c407c2cedff20999df2af8eb42d56 -> 
========================================================================
Received Import Request.
  Time since last request: 7195.055856 seconds.
  path: Assets/New Physics Material 2D.physicsMaterial2D
  artifactKey: Guid(172bbb60b7786964d83cac187d692dd3) Importer(815301076,1909f56bfc062723c751e8b465ee728b)
Start importing Assets/New Physics Material 2D.physicsMaterial2D using Guid(172bbb60b7786964d83cac187d692dd3) Importer(815301076,1909f56bfc062723c751e8b465ee728b)  -> (artifact id: '3058b5c435cf147cfad38c0177f41265') in 1.055428 seconds 
========================================================================
Received Import Request.
  Time since last request: 2583.547110 seconds.
  path: Assets/Scenes
  artifactKey: Guid(131a6b21c8605f84396be9f6751fb6e3) Importer(815301076,1909f56bfc062723c751e8b465ee728b)
Start importing Assets/Scenes using Guid(131a6b21c8605f84396be9f6751fb6e3) Importer(815301076,1909f56bfc062723c751e8b465ee728b)  -> (artifact id: '2c23e514d24f6b65fe96946cd87fc526') in 0.014283 seconds 
========================================================================
Received Import Request.
  Time since last request: 1.429084 seconds.
  path: Assets/Scenes/Main Camera (1).prefab
  artifactKey: Guid(90356d8e19277634cbe0c3e964d4a4f2) Importer(815301076,1909f56bfc062723c751e8b465ee728b)
Start importing Assets/Scenes/Main Camera (1).prefab using Guid(90356d8e19277634cbe0c3e964d4a4f2) Importer(815301076,1909f56bfc062723c751e8b465ee728b)  -> (artifact id: 'ad23f5fcfa34cf54f9403aa15b67ed90') in 0.294740 seconds 
========================================================================
Received Import Request.
  Time since last request: 0.816060 seconds.
  path: Assets/Scenes/Map 1.unity
  artifactKey: Guid(2cda990e2423bbf4892e6590ba056729) Importer(815301076,1909f56bfc062723c751e8b465ee728b)
Start importing Assets/Scenes/Map 1.unity using Guid(2cda990e2423bbf4892e6590ba056729) Importer(815301076,1909f56bfc062723c751e8b465ee728b)  -> (artifact id: 'e49b7ba96cb2821b1a0242d61e3bb7d4') in 0.001522 seconds 
========================================================================
Received Prepare
Registering precompiled user dll's ...
Registered in 0.003368 seconds.
Begin MonoManager ReloadAssembly
Symbol file LoadedFromMemory doesn't match image /Users/jack/Documents/GitHub/Game-Project/game src/Library/PackageCache/com.unity.visualscripting@1.8.0/Editor/VisualScripting.Core/Dependencies/YamlDotNet/Unity.VisualScripting.YamlDotNet.dll
Symbol file LoadedFromMemory doesn't match image /Users/jack/Documents/GitHub/Game-Project/game src/Library/PackageCache/com.unity.visualscripting@1.8.0/Editor/VisualScripting.Core/Dependencies/DotNetZip/Unity.VisualScripting.IonicZip.dll
Native extension for OSXStandalone target not found
Refreshing native plugins compatible for Editor in 1.43 ms, found 3 plugins.
Preloading 0 native plugins for Editor in 0.00 ms.
Mono: successfully reloaded assembly
- Completed reload, in  1.524 seconds
Domain Reload Profiling:
	ReloadAssembly (1525ms)
		BeginReloadAssembly (276ms)
			ExecutionOrderSort (0ms)
			DisableScriptedObjects (15ms)
			BackupInstance (0ms)
			ReleaseScriptingObjects (0ms)
			CreateAndSetChildDomain (147ms)
		EndReloadAssembly (1133ms)
			LoadAssemblies (110ms)
			RebuildTransferFunctionScriptingTraits (0ms)
			SetupTypeCache (393ms)
			ReleaseScriptCaches (2ms)
			RebuildScriptCaches (58ms)
			SetupLoadedEditorAssemblies (544ms)
				LogAssemblyErrors (0ms)
				InitializePlatformSupportModulesInManaged (46ms)
				SetLoadedEditorAssemblies (1ms)
				RefreshPlugins (1ms)
				BeforeProcessingInitializeOnLoad (100ms)
				ProcessInitializeOnLoadAttributes (303ms)
				ProcessInitializeOnLoadMethodAttributes (92ms)
				AfterProcessingInitializeOnLoad (1ms)
				EditorAssembliesLoaded (0ms)
			ExecutionOrderSort2 (0ms)
			AwakeInstancesAfterBackupRestoration (7ms)
Platform modules already initialized, skipping
Refreshing native plugins compatible for Editor in 2.07 ms, found 3 plugins.
Preloading 0 native plugins for Editor in 0.00 ms.
Unloading 6688 Unused Serialized files (Serialized files now loaded: 0)
Unloading 38 unused Assets / (0.6 MB). Loaded Objects now: 7231.
Memory consumption went from 248.1 MB to 247.5 MB.
Total: 5.258618 ms (FindLiveObjects: 0.639323 ms CreateObjectMapping: 0.441256 ms MarkObjects: 3.780516 ms  DeleteObjects: 0.396598 ms)

AssetImportParameters requested are different than current active one (requested -> active):
  custom:video-decoder-ogg-theora: a1e56fd34408186e4bbccfd4996cb3dc -> 
  custom:container-muxer-webm: aa71ff27fc2769a1b78a27578f13a17b -> 
  custom:container-demuxer-webm: 4f35f7cbe854078d1ac9338744f61a02 -> 
  custom:video-encoder-webm-vp8: eb34c28f22e8b96e1ab97ce403110664 -> 
  custom:framework-osx-AVFoundation: e770b220cccbd017edd2c1fefb359320 -> 
  custom:audio-encoder-webm-vorbis: bf7c407c2cedff20999df2af8eb42d56 -> 
  custom:container-demuxer-ogg: 62fdf1f143b41e24485cea50d1cbac27 -> 
  custom:video-decoder-webm-vp8: 9c59270c3fd7afecdb556c50c9e8de78 -> 
  custom:audio-decoder-ogg-vorbis: bf7c407c2cedff20999df2af8eb42d56 -> 
========================================================================
Received Import Request.
  Time since last request: 1091.139146 seconds.
  path: Assets/Scripts
  artifactKey: Guid(4017b1d423a1d4640b09bdefc0bf58ac) Importer(815301076,1909f56bfc062723c751e8b465ee728b)
Start importing Assets/Scripts using Guid(4017b1d423a1d4640b09bdefc0bf58ac) Importer(815301076,1909f56bfc062723c751e8b465ee728b)  -> (artifact id: '5f19bc2f9f156227b0e018b6d1b0ab0b') in 0.014978 seconds 
========================================================================
Received Import Request.
  Time since last request: 13.720214 seconds.
  path: Assets/Scripts/ShootingActivationButton.cs
  artifactKey: Guid(9f385490870be494a96a9d737dfdd64b) Importer(815301076,1909f56bfc062723c751e8b465ee728b)
Start importing Assets/Scripts/ShootingActivationButton.cs using Guid(9f385490870be494a96a9d737dfdd64b) Importer(815301076,1909f56bfc062723c751e8b465ee728b)  -> (artifact id: '1f48de0eb959c487611aa8f421e60ca4') in 0.281697 seconds 
========================================================================
Received Import Request.
  Time since last request: 2.729910 seconds.
  path: Assets/Scripts/ShootingPointController.cs
  artifactKey: Guid(da44732919f773a448eb2c8beb7f9497) Importer(815301076,1909f56bfc062723c751e8b465ee728b)
Start importing Assets/Scripts/ShootingPointController.cs using Guid(da44732919f773a448eb2c8beb7f9497) Importer(815301076,1909f56bfc062723c751e8b465ee728b)  -> (artifact id: '8790b2a216a55b152d58cbe81b225d3a') in 0.002900 seconds 
========================================================================
Received Prepare
Registering precompiled user dll's ...
Registered in 0.003880 seconds.
Begin MonoManager ReloadAssembly
Symbol file LoadedFromMemory doesn't match image /Users/jack/Documents/GitHub/Game-Project/game src/Library/PackageCache/com.unity.visualscripting@1.8.0/Editor/VisualScripting.Core/Dependencies/YamlDotNet/Unity.VisualScripting.YamlDotNet.dll
Symbol file LoadedFromMemory doesn't match image /Users/jack/Documents/GitHub/Game-Project/game src/Library/PackageCache/com.unity.visualscripting@1.8.0/Editor/VisualScripting.Core/Dependencies/DotNetZip/Unity.VisualScripting.IonicZip.dll
Native extension for OSXStandalone target not found
Refreshing native plugins compatible for Editor in 1.09 ms, found 3 plugins.
Preloading 0 native plugins for Editor in 0.00 ms.
Mono: successfully reloaded assembly
- Completed reload, in  1.500 seconds
Domain Reload Profiling:
	ReloadAssembly (1501ms)
		BeginReloadAssembly (161ms)
			ExecutionOrderSort (0ms)
			DisableScriptedObjects (7ms)
			BackupInstance (0ms)
			ReleaseScriptingObjects (0ms)
			CreateAndSetChildDomain (85ms)
		EndReloadAssembly (1214ms)
			LoadAssemblies (76ms)
			RebuildTransferFunctionScriptingTraits (0ms)
			SetupTypeCache (441ms)
			ReleaseScriptCaches (2ms)
			RebuildScriptCaches (71ms)
			SetupLoadedEditorAssemblies (551ms)
				LogAssemblyErrors (0ms)
				InitializePlatformSupportModulesInManaged (11ms)
				SetLoadedEditorAssemblies (1ms)
				RefreshPlugins (1ms)
				BeforeProcessingInitializeOnLoad (110ms)
				ProcessInitializeOnLoadAttributes (328ms)
				ProcessInitializeOnLoadMethodAttributes (98ms)
				AfterProcessingInitializeOnLoad (3ms)
				EditorAssembliesLoaded (1ms)
			ExecutionOrderSort2 (0ms)
			AwakeInstancesAfterBackupRestoration (7ms)
Platform modules already initialized, skipping
Refreshing native plugins compatible for Editor in 2.09 ms, found 3 plugins.
Preloading 0 native plugins for Editor in 0.00 ms.
Unloading 6688 Unused Serialized files (Serialized files now loaded: 0)
Unloading 38 unused Assets / (0.6 MB). Loaded Objects now: 7234.
Memory consumption went from 252.2 MB to 251.6 MB.
Total: 5.213255 ms (FindLiveObjects: 0.513358 ms CreateObjectMapping: 0.517332 ms MarkObjects: 3.801655 ms  DeleteObjects: 0.380048 ms)

AssetImportParameters requested are different than current active one (requested -> active):
  custom:video-decoder-ogg-theora: a1e56fd34408186e4bbccfd4996cb3dc -> 
  custom:container-muxer-webm: aa71ff27fc2769a1b78a27578f13a17b -> 
  custom:container-demuxer-webm: 4f35f7cbe854078d1ac9338744f61a02 -> 
  custom:video-encoder-webm-vp8: eb34c28f22e8b96e1ab97ce403110664 -> 
  custom:framework-osx-AVFoundation: e770b220cccbd017edd2c1fefb359320 -> 
  custom:audio-encoder-webm-vorbis: bf7c407c2cedff20999df2af8eb42d56 -> 
  custom:container-demuxer-ogg: 62fdf1f143b41e24485cea50d1cbac27 -> 
  custom:video-decoder-webm-vp8: 9c59270c3fd7afecdb556c50c9e8de78 -> 
  custom:audio-decoder-ogg-vorbis: bf7c407c2cedff20999df2af8eb42d56 -> 
========================================================================
Received Prepare
Registering precompiled user dll's ...
Registered in 0.004160 seconds.
Begin MonoManager ReloadAssembly
Symbol file LoadedFromMemory doesn't match image /Users/jack/Documents/GitHub/Game-Project/game src/Library/PackageCache/com.unity.visualscripting@1.8.0/Editor/VisualScripting.Core/Dependencies/YamlDotNet/Unity.VisualScripting.YamlDotNet.dll
Symbol file LoadedFromMemory doesn't match image /Users/jack/Documents/GitHub/Game-Project/game src/Library/PackageCache/com.unity.visualscripting@1.8.0/Editor/VisualScripting.Core/Dependencies/DotNetZip/Unity.VisualScripting.IonicZip.dll
Native extension for OSXStandalone target not found
Refreshing native plugins compatible for Editor in 1.08 ms, found 3 plugins.
Preloading 0 native plugins for Editor in 0.00 ms.
Mono: successfully reloaded assembly
- Completed reload, in  1.466 seconds
Domain Reload Profiling:
	ReloadAssembly (1467ms)
		BeginReloadAssembly (156ms)
			ExecutionOrderSort (0ms)
			DisableScriptedObjects (7ms)
			BackupInstance (0ms)
			ReleaseScriptingObjects (0ms)
			CreateAndSetChildDomain (82ms)
		EndReloadAssembly (1199ms)
			LoadAssemblies (64ms)
			RebuildTransferFunctionScriptingTraits (0ms)
			SetupTypeCache (386ms)
			ReleaseScriptCaches (2ms)
			RebuildScriptCaches (70ms)
			SetupLoadedEditorAssemblies (597ms)
				LogAssemblyErrors (0ms)
				InitializePlatformSupportModulesInManaged (9ms)
				SetLoadedEditorAssemblies (1ms)
				RefreshPlugins (1ms)
				BeforeProcessingInitializeOnLoad (109ms)
				ProcessInitializeOnLoadAttributes (357ms)
				ProcessInitializeOnLoadMethodAttributes (118ms)
				AfterProcessingInitializeOnLoad (1ms)
				EditorAssembliesLoaded (0ms)
			ExecutionOrderSort2 (0ms)
			AwakeInstancesAfterBackupRestoration (8ms)
Platform modules already initialized, skipping
Refreshing native plugins compatible for Editor in 2.51 ms, found 3 plugins.
Preloading 0 native plugins for Editor in 0.00 ms.
Unloading 6688 Unused Serialized files (Serialized files now loaded: 0)
Unloading 38 unused Assets / (0.6 MB). Loaded Objects now: 7237.
Memory consumption went from 252.3 MB to 251.6 MB.
Total: 5.387231 ms (FindLiveObjects: 0.630016 ms CreateObjectMapping: 0.618596 ms MarkObjects: 3.761837 ms  DeleteObjects: 0.375777 ms)

AssetImportParameters requested are different than current active one (requested -> active):
  custom:video-decoder-ogg-theora: a1e56fd34408186e4bbccfd4996cb3dc -> 
  custom:container-muxer-webm: aa71ff27fc2769a1b78a27578f13a17b -> 
  custom:container-demuxer-webm: 4f35f7cbe854078d1ac9338744f61a02 -> 
  custom:video-encoder-webm-vp8: eb34c28f22e8b96e1ab97ce403110664 -> 
  custom:framework-osx-AVFoundation: e770b220cccbd017edd2c1fefb359320 -> 
  custom:audio-encoder-webm-vorbis: bf7c407c2cedff20999df2af8eb42d56 -> 
  custom:container-demuxer-ogg: 62fdf1f143b41e24485cea50d1cbac27 -> 
  custom:video-decoder-webm-vp8: 9c59270c3fd7afecdb556c50c9e8de78 -> 
  custom:audio-decoder-ogg-vorbis: bf7c407c2cedff20999df2af8eb42d56 -> 
========================================================================
Received Prepare
Registering precompiled user dll's ...
Registered in 0.004846 seconds.
Begin MonoManager ReloadAssembly
Symbol file LoadedFromMemory doesn't match image /Users/jack/Documents/GitHub/Game-Project/game src/Library/PackageCache/com.unity.visualscripting@1.8.0/Editor/VisualScripting.Core/Dependencies/YamlDotNet/Unity.VisualScripting.YamlDotNet.dll
Symbol file LoadedFromMemory doesn't match image /Users/jack/Documents/GitHub/Game-Project/game src/Library/PackageCache/com.unity.visualscripting@1.8.0/Editor/VisualScripting.Core/Dependencies/DotNetZip/Unity.VisualScripting.IonicZip.dll
Native extension for OSXStandalone target not found
Refreshing native plugins compatible for Editor in 1.15 ms, found 3 plugins.
Preloading 0 native plugins for Editor in 0.00 ms.
Mono: successfully reloaded assembly
- Completed reload, in  1.537 seconds
Domain Reload Profiling:
	ReloadAssembly (1538ms)
		BeginReloadAssembly (158ms)
			ExecutionOrderSort (0ms)
			DisableScriptedObjects (9ms)
			BackupInstance (0ms)
			ReleaseScriptingObjects (0ms)
			CreateAndSetChildDomain (83ms)
		EndReloadAssembly (1250ms)
			LoadAssemblies (73ms)
			RebuildTransferFunctionScriptingTraits (0ms)
			SetupTypeCache (435ms)
			ReleaseScriptCaches (2ms)
			RebuildScriptCaches (70ms)
			SetupLoadedEditorAssemblies (590ms)
				LogAssemblyErrors (0ms)
				InitializePlatformSupportModulesInManaged (10ms)
				SetLoadedEditorAssemblies (1ms)
				RefreshPlugins (1ms)
				BeforeProcessingInitializeOnLoad (108ms)
				ProcessInitializeOnLoadAttributes (358ms)
				ProcessInitializeOnLoadMethodAttributes (111ms)
				AfterProcessingInitializeOnLoad (1ms)
				EditorAssembliesLoaded (0ms)
			ExecutionOrderSort2 (0ms)
			AwakeInstancesAfterBackupRestoration (8ms)
Platform modules already initialized, skipping
Refreshing native plugins compatible for Editor in 1.97 ms, found 3 plugins.
Preloading 0 native plugins for Editor in 0.00 ms.
Unloading 6688 Unused Serialized files (Serialized files now loaded: 0)
Unloading 38 unused Assets / (0.6 MB). Loaded Objects now: 7240.
Memory consumption went from 252.3 MB to 251.6 MB.
Total: 5.037881 ms (FindLiveObjects: 0.498776 ms CreateObjectMapping: 0.478564 ms MarkObjects: 3.691365 ms  DeleteObjects: 0.368294 ms)

AssetImportParameters requested are different than current active one (requested -> active):
  custom:video-decoder-ogg-theora: a1e56fd34408186e4bbccfd4996cb3dc -> 
  custom:container-muxer-webm: aa71ff27fc2769a1b78a27578f13a17b -> 
  custom:container-demuxer-webm: 4f35f7cbe854078d1ac9338744f61a02 -> 
  custom:video-encoder-webm-vp8: eb34c28f22e8b96e1ab97ce403110664 -> 
  custom:framework-osx-AVFoundation: e770b220cccbd017edd2c1fefb359320 -> 
  custom:audio-encoder-webm-vorbis: bf7c407c2cedff20999df2af8eb42d56 -> 
  custom:container-demuxer-ogg: 62fdf1f143b41e24485cea50d1cbac27 -> 
  custom:video-decoder-webm-vp8: 9c59270c3fd7afecdb556c50c9e8de78 -> 
  custom:audio-decoder-ogg-vorbis: bf7c407c2cedff20999df2af8eb42d56 -> 
========================================================================
Received Prepare
Registering precompiled user dll's ...
Registered in 0.004452 seconds.
Begin MonoManager ReloadAssembly
Symbol file LoadedFromMemory doesn't match image /Users/jack/Documents/GitHub/Game-Project/game src/Library/PackageCache/com.unity.visualscripting@1.8.0/Editor/VisualScripting.Core/Dependencies/YamlDotNet/Unity.VisualScripting.YamlDotNet.dll
Symbol file LoadedFromMemory doesn't match image /Users/jack/Documents/GitHub/Game-Project/game src/Library/PackageCache/com.unity.visualscripting@1.8.0/Editor/VisualScripting.Core/Dependencies/DotNetZip/Unity.VisualScripting.IonicZip.dll
Native extension for OSXStandalone target not found
Refreshing native plugins compatible for Editor in 1.29 ms, found 3 plugins.
Preloading 0 native plugins for Editor in 0.00 ms.
Mono: successfully reloaded assembly
- Completed reload, in  1.525 seconds
Domain Reload Profiling:
	ReloadAssembly (1525ms)
		BeginReloadAssembly (147ms)
			ExecutionOrderSort (0ms)
			DisableScriptedObjects (8ms)
			BackupInstance (0ms)
			ReleaseScriptingObjects (0ms)
			CreateAndSetChildDomain (73ms)
		EndReloadAssembly (1264ms)
			LoadAssemblies (68ms)
			RebuildTransferFunctionScriptingTraits (0ms)
			SetupTypeCache (430ms)
			ReleaseScriptCaches (2ms)
			RebuildScriptCaches (72ms)
			SetupLoadedEditorAssemblies (610ms)
				LogAssemblyErrors (0ms)
				InitializePlatformSupportModulesInManaged (10ms)
				SetLoadedEditorAssemblies (1ms)
				RefreshPlugins (1ms)
				BeforeProcessingInitializeOnLoad (110ms)
				ProcessInitializeOnLoadAttributes (374ms)
				ProcessInitializeOnLoadMethodAttributes (113ms)
				AfterProcessingInitializeOnLoad (1ms)
				EditorAssembliesLoaded (0ms)
			ExecutionOrderSort2 (0ms)
			AwakeInstancesAfterBackupRestoration (8ms)
Platform modules already initialized, skipping
Refreshing native plugins compatible for Editor in 2.64 ms, found 3 plugins.
Preloading 0 native plugins for Editor in 0.00 ms.
Unloading 6688 Unused Serialized files (Serialized files now loaded: 0)
Unloading 38 unused Assets / (0.6 MB). Loaded Objects now: 7243.
Memory consumption went from 252.3 MB to 251.6 MB.
Total: 5.664346 ms (FindLiveObjects: 0.543545 ms CreateObjectMapping: 0.631196 ms MarkObjects: 4.061852 ms  DeleteObjects: 0.426694 ms)

AssetImportParameters requested are different than current active one (requested -> active):
  custom:video-decoder-ogg-theora: a1e56fd34408186e4bbccfd4996cb3dc -> 
  custom:container-muxer-webm: aa71ff27fc2769a1b78a27578f13a17b -> 
  custom:container-demuxer-webm: 4f35f7cbe854078d1ac9338744f61a02 -> 
  custom:video-encoder-webm-vp8: eb34c28f22e8b96e1ab97ce403110664 -> 
  custom:framework-osx-AVFoundation: e770b220cccbd017edd2c1fefb359320 -> 
  custom:audio-encoder-webm-vorbis: bf7c407c2cedff20999df2af8eb42d56 -> 
  custom:container-demuxer-ogg: 62fdf1f143b41e24485cea50d1cbac27 -> 
  custom:video-decoder-webm-vp8: 9c59270c3fd7afecdb556c50c9e8de78 -> 
  custom:audio-decoder-ogg-vorbis: bf7c407c2cedff20999df2af8eb42d56 -> 
========================================================================
Received Import Request.
  Time since last request: 590.506556 seconds.
  path: Assets/Sprites/barGameObject.prefab
  artifactKey: Guid(44f3b1b23a49dd3429f7338f98137c7d) Importer(815301076,1909f56bfc062723c751e8b465ee728b)
Start importing Assets/Sprites/barGameObject.prefab using Guid(44f3b1b23a49dd3429f7338f98137c7d) Importer(815301076,1909f56bfc062723c751e8b465ee728b)  -> (artifact id: '0d8b0e127c132ef6d1b20e01e93348b3') in 0.265937 seconds 
========================================================================
Received Import Request.
  Time since last request: 0.000087 seconds.
  path: Assets/Sprites/Enemy.prefab
  artifactKey: Guid(cd166fcfae42ce743b072b923db69f4e) Importer(815301076,1909f56bfc062723c751e8b465ee728b)
Start importing Assets/Sprites/Enemy.prefab using Guid(cd166fcfae42ce743b072b923db69f4e) Importer(815301076,1909f56bfc062723c751e8b465ee728b)  -> (artifact id: '8b323976d2af006131f1b95eecc18cfc') in 0.012984 seconds 
========================================================================
Received Import Request.
  Time since last request: 0.000174 seconds.
  path: Assets/Sprites/Healing orb.prefab
  artifactKey: Guid(ac19fdccb4d57384190e9cbaa40f2c22) Importer(815301076,1909f56bfc062723c751e8b465ee728b)
Start importing Assets/Sprites/Healing orb.prefab using Guid(ac19fdccb4d57384190e9cbaa40f2c22) Importer(815301076,1909f56bfc062723c751e8b465ee728b)  -> (artifact id: 'fe75969322d80ff4ace75011caa9d77a') in 0.011774 seconds 
========================================================================
Received Import Request.
  Time since last request: 0.000070 seconds.
  path: Assets/Sprites/pixil-frame-0 (9).png
  artifactKey: Guid(5ed72a3260daab445a290402db8d470b) Importer(815301076,1909f56bfc062723c751e8b465ee728b)
Start importing Assets/Sprites/pixil-frame-0 (9).png using Guid(5ed72a3260daab445a290402db8d470b) Importer(815301076,1909f56bfc062723c751e8b465ee728b)  -> (artifact id: '72bbbd82c9cfe64027cbb6574c06f6b3') in 1.353423 seconds 
========================================================================
Received Import Request.
  Time since last request: 0.000070 seconds.
  path: Assets/Sprites/Lava.prefab
  artifactKey: Guid(5797bbaa0d8775544b7018be18342ebf) Importer(815301076,1909f56bfc062723c751e8b465ee728b)
Start importing Assets/Sprites/Lava.prefab using Guid(5797bbaa0d8775544b7018be18342ebf) Importer(815301076,1909f56bfc062723c751e8b465ee728b)  -> (artifact id: '0351feb86189585b784c278110e732ef') in 0.011623 seconds 
========================================================================
Received Import Request.
  Time since last request: 0.000109 seconds.
  path: Assets/Sprites/Button.prefab
  artifactKey: Guid(2d836ecb4072cb94db051175fbfa0604) Importer(815301076,1909f56bfc062723c751e8b465ee728b)
Start importing Assets/Sprites/Button.prefab using Guid(2d836ecb4072cb94db051175fbfa0604) Importer(815301076,1909f56bfc062723c751e8b465ee728b)  -> (artifact id: '70dd5da4c3e796c335133a9dbc36ff9b') in 0.052708 seconds 
========================================================================
Received Import Request.
  Time since last request: 0.000054 seconds.
  path: Assets/Sprites/Circle.png
  artifactKey: Guid(dc0fc187406186c46b87a4b4e5a93ce4) Importer(815301076,1909f56bfc062723c751e8b465ee728b)
Start importing Assets/Sprites/Circle.png using Guid(dc0fc187406186c46b87a4b4e5a93ce4) Importer(815301076,1909f56bfc062723c751e8b465ee728b)  -> (artifact id: 'bcbd0ecc542f4979f747ffb43252c917') in 0.017448 seconds 
========================================================================
Received Import Request.
  Time since last request: 0.000084 seconds.
  path: Assets/Sprites/IceBallBullet.prefab
  artifactKey: Guid(63b98c3b1ad76924aa76a41cd302b782) Importer(815301076,1909f56bfc062723c751e8b465ee728b)
Start importing Assets/Sprites/IceBallBullet.prefab using Guid(63b98c3b1ad76924aa76a41cd302b782) Importer(815301076,1909f56bfc062723c751e8b465ee728b)  -> (artifact id: 'c9f06f7aab701e4e7277a8df3bda3893') in 0.009754 seconds 
========================================================================
Received Import Request.
  Time since last request: 0.000078 seconds.
  path: Assets/Sprites/Platform1.prefab
  artifactKey: Guid(ba985a7c586255a4a8811e413f72a050) Importer(815301076,1909f56bfc062723c751e8b465ee728b)
Start importing Assets/Sprites/Platform1.prefab using Guid(ba985a7c586255a4a8811e413f72a050) Importer(815301076,1909f56bfc062723c751e8b465ee728b)  -> (artifact id: '608f7c701ebd25324de5042933564995') in 0.009906 seconds 
========================================================================
Received Import Request.
  Time since last request: 0.000069 seconds.
  path: Assets/Sprites/pixil-frame-0 (4) 1.png
  artifactKey: Guid(ac549a40a5ca13945951a9e3fb279b7f) Importer(815301076,1909f56bfc062723c751e8b465ee728b)
Start importing Assets/Sprites/pixil-frame-0 (4) 1.png using Guid(ac549a40a5ca13945951a9e3fb279b7f) Importer(815301076,1909f56bfc062723c751e8b465ee728b)  -> (artifact id: '8298474485d0274bf7f20bf2f1811735') in 0.015322 seconds 
========================================================================
Received Import Request.
  Time since last request: 0.000075 seconds.
  path: Assets/Sprites/Main Camera.prefab
  artifactKey: Guid(9055d9849d415284ba3f566b07509f10) Importer(815301076,1909f56bfc062723c751e8b465ee728b)
Start importing Assets/Sprites/Main Camera.prefab using Guid(9055d9849d415284ba3f566b07509f10) Importer(815301076,1909f56bfc062723c751e8b465ee728b)  -> (artifact id: '9ceceb57a725c8a2dcce31aa0f2b62e0') in 0.003992 seconds 
========================================================================
Received Import Request.
  Time since last request: 0.000127 seconds.
  path: Assets/Sprites/Missle.prefab
  artifactKey: Guid(9e140ab1ab94ff64f9a861859c69c95f) Importer(815301076,1909f56bfc062723c751e8b465ee728b)
Start importing Assets/Sprites/Missle.prefab using Guid(9e140ab1ab94ff64f9a861859c69c95f) Importer(815301076,1909f56bfc062723c751e8b465ee728b)  -> (artifact id: '8feb26fc1ae6cdfbd63279fd708bfb13') in 0.008509 seconds 
========================================================================
Received Import Request.
  Time since last request: 0.000077 seconds.
  path: Assets/Sprites/pixil-frame-0 (10).png
  artifactKey: Guid(6561e2bf50a2d5e4da0af54f74268c83) Importer(815301076,1909f56bfc062723c751e8b465ee728b)
Start importing Assets/Sprites/pixil-frame-0 (10).png using Guid(6561e2bf50a2d5e4da0af54f74268c83) Importer(815301076,1909f56bfc062723c751e8b465ee728b)  -> (artifact id: '194dbc7b713512fd86b4df3d01acddf8') in 0.013557 seconds 
========================================================================
Received Import Request.
  Time since last request: 0.000069 seconds.
  path: Assets/Sprites/pixil-frame-0 (7).png
  artifactKey: Guid(41b57bb6a1c7b3f46b58ba0bdc0faf3b) Importer(815301076,1909f56bfc062723c751e8b465ee728b)
Start importing Assets/Sprites/pixil-frame-0 (7).png using Guid(41b57bb6a1c7b3f46b58ba0bdc0faf3b) Importer(815301076,1909f56bfc062723c751e8b465ee728b)  -> (artifact id: '9f493c6c4bfebc4c9ad1a68815bdde5d') in 0.020725 seconds 
========================================================================
Received Import Request.
  Time since last request: 0.000067 seconds.
  path: Assets/Sprites/pixil-frame-0 (8).png
  artifactKey: Guid(3b20c420ed0e19f428297c1522eb2128) Importer(815301076,1909f56bfc062723c751e8b465ee728b)
Start importing Assets/Sprites/pixil-frame-0 (8).png using Guid(3b20c420ed0e19f428297c1522eb2128) Importer(815301076,1909f56bfc062723c751e8b465ee728b)  -> (artifact id: '2e354c69700ece65a899028da7493197') in 0.010397 seconds 
========================================================================
Received Import Request.
  Time since last request: 0.000096 seconds.
  path: Assets/Sprites/pixilart-drawing.png
  artifactKey: Guid(1d28171b04646d246b28e200b3f4883d) Importer(815301076,1909f56bfc062723c751e8b465ee728b)
Start importing Assets/Sprites/pixilart-drawing.png using Guid(1d28171b04646d246b28e200b3f4883d) Importer(815301076,1909f56bfc062723c751e8b465ee728b)  -> (artifact id: 'e23e4927fc713f29564779903b1cb8d8') in 0.012130 seconds 
========================================================================
Received Import Request.
  Time since last request: 0.000083 seconds.
  path: Assets/Sprites/Lightning.prefab
  artifactKey: Guid(1b0f9253f7694d1488326862ce7258ef) Importer(815301076,1909f56bfc062723c751e8b465ee728b)
Start importing Assets/Sprites/Lightning.prefab using Guid(1b0f9253f7694d1488326862ce7258ef) Importer(815301076,1909f56bfc062723c751e8b465ee728b)  -> (artifact id: '3b8e51fd3c275a20ca85d11b5e389692') in 0.009447 seconds 
========================================================================
Received Import Request.
  Time since last request: 0.000072 seconds.
  path: Assets/Sprites/Platform2.prefab
  artifactKey: Guid(d6cf33ee9cb8e4346af31c766de1756f) Importer(815301076,1909f56bfc062723c751e8b465ee728b)
Start importing Assets/Sprites/Platform2.prefab using Guid(d6cf33ee9cb8e4346af31c766de1756f) Importer(815301076,1909f56bfc062723c751e8b465ee728b)  -> (artifact id: 'e31025f354c77c36a41d55f1067894ed') in 0.008285 seconds 
========================================================================
Received Import Request.
  Time since last request: 0.000147 seconds.
  path: Assets/Sprites/JoinButton.prefab
  artifactKey: Guid(61c16612c2831854cabc915d8534c167) Importer(815301076,1909f56bfc062723c751e8b465ee728b)
Start importing Assets/Sprites/JoinButton.prefab using Guid(61c16612c2831854cabc915d8534c167) Importer(815301076,1909f56bfc062723c751e8b465ee728b)  -> (artifact id: 'e749a0e7e7d6f2779a23c55677bbc0e5') in 0.020898 seconds 
========================================================================
Received Import Request.
  Time since last request: 0.000081 seconds.
  path: Assets/Sprites/Lightning 2.prefab
  artifactKey: Guid(dacd252dbe191ed4bab5924928a93707) Importer(815301076,1909f56bfc062723c751e8b465ee728b)
Start importing Assets/Sprites/Lightning 2.prefab using Guid(dacd252dbe191ed4bab5924928a93707) Importer(815301076,1909f56bfc062723c751e8b465ee728b)  -> (artifact id: 'b19249a3e362ce568e4a8c447d4a8783') in 0.008017 seconds 
========================================================================
Received Import Request.
  Time since last request: 0.000061 seconds.
  path: Assets/Sprites/pixil-frame-0 (5).png
  artifactKey: Guid(7b418400e0eb3994e9d9b14aec38278c) Importer(815301076,1909f56bfc062723c751e8b465ee728b)
Start importing Assets/Sprites/pixil-frame-0 (5).png using Guid(7b418400e0eb3994e9d9b14aec38278c) Importer(815301076,1909f56bfc062723c751e8b465ee728b)  -> (artifact id: '717a32524b97d2d6705faac0fcfffd69') in 0.012047 seconds 
========================================================================
Received Import Request.
  Time since last request: 0.000071 seconds.
  path: Assets/Sprites/LightningSprite 1.prefab
  artifactKey: Guid(730719500304aac41a389ffeaab8eb68) Importer(815301076,1909f56bfc062723c751e8b465ee728b)
Start importing Assets/Sprites/LightningSprite 1.prefab using Guid(730719500304aac41a389ffeaab8eb68) Importer(815301076,1909f56bfc062723c751e8b465ee728b)  -> (artifact id: '91454b04135c7304da33b0c895714f93') in 0.007440 seconds 
========================================================================
Received Import Request.
  Time since last request: 0.000055 seconds.
  path: Assets/Sprites/LightningSprite.prefab
  artifactKey: Guid(8324d17015b16f543ad1ffc98f5b38b2) Importer(815301076,1909f56bfc062723c751e8b465ee728b)
Start importing Assets/Sprites/LightningSprite.prefab using Guid(8324d17015b16f543ad1ffc98f5b38b2) Importer(815301076,1909f56bfc062723c751e8b465ee728b)  -> (artifact id: '4144e0b661caf748178433ef8c3c7a78') in 0.009042 seconds 
========================================================================
Received Import Request.
  Time since last request: 0.000094 seconds.
  path: Assets/Sprites/Lightning 1.prefab
  artifactKey: Guid(00fe5bd010f84c742ba5ae256e00b8b2) Importer(815301076,1909f56bfc062723c751e8b465ee728b)
Start importing Assets/Sprites/Lightning 1.prefab using Guid(00fe5bd010f84c742ba5ae256e00b8b2) Importer(815301076,1909f56bfc062723c751e8b465ee728b)  -> (artifact id: '542cb0f166d93baf25143f06fa0828bb') in 0.009651 seconds 
========================================================================
Received Import Request.
  Time since last request: 0.000082 seconds.
  path: Assets/Sprites/pixil-frame-0 (1).png
  artifactKey: Guid(ac4511d9f2338e642b8ed161200b91ad) Importer(815301076,1909f56bfc062723c751e8b465ee728b)
Start importing Assets/Sprites/pixil-frame-0 (1).png using Guid(ac4511d9f2338e642b8ed161200b91ad) Importer(815301076,1909f56bfc062723c751e8b465ee728b)  -> (artifact id: 'ed59b415abccc419fead2bcd99df3547') in 0.110547 seconds 
========================================================================
Received Import Request.
  Time since last request: 29.354055 seconds.
  path: Assets/Sprites/2d-art-background-for-a-fighting-game_hRnT4aHO_upscaled.jpg
  artifactKey: Guid(a49742a044dc1f444831173ca28b6048) Importer(815301076,1909f56bfc062723c751e8b465ee728b)
Start importing Assets/Sprites/2d-art-background-for-a-fighting-game_hRnT4aHO_upscaled.jpg using Guid(a49742a044dc1f444831173ca28b6048) Importer(815301076,1909f56bfc062723c751e8b465ee728b)  -> (artifact id: 'c2187c4a666852effa7ebe4674130cd6') in 2.036070 seconds 
========================================================================
Received Import Request.
  Time since last request: 0.000075 seconds.
  path: Assets/Sprites/AcidBall.prefab
  artifactKey: Guid(86cfec6e009206142b24c18f4d2c6e99) Importer(815301076,1909f56bfc062723c751e8b465ee728b)
Start importing Assets/Sprites/AcidBall.prefab using Guid(86cfec6e009206142b24c18f4d2c6e99) Importer(815301076,1909f56bfc062723c751e8b465ee728b)  -> (artifact id: '49fd1c71e58267bda2479fc445d5d50b') in 0.005930 seconds 
========================================================================
Received Import Request.
  Time since last request: 0.000080 seconds.
  path: Assets/Sprites/cobweb.prefab
  artifactKey: Guid(5c1c76c8902054a559bfd4ae8945119f) Importer(815301076,1909f56bfc062723c751e8b465ee728b)
Start importing Assets/Sprites/cobweb.prefab using Guid(5c1c76c8902054a559bfd4ae8945119f) Importer(815301076,1909f56bfc062723c751e8b465ee728b)  -> (artifact id: '6ab08b9500aaa408331c6c08581197ff') in 0.016311 seconds 
Editor requested this worker to shutdown with reason: Scaling down because of idle timeout
AssetImportWorker is now disconnected from the server
Process exiting
